<?xml version="1.0" encoding="UTF-8"?>
<testng-results ignored="0" total="0" passed="0" failed="0" skipped="0">
  <reporter-output>
  </reporter-output>
  <suite started-at="2022-10-18T16:20:02 TST" name="com.acme.basic.HelloWorldTest" finished-at="2022-10-18T16:20:02 TST" duration-ms="39">
    <groups>
    </groups>
    <test started-at="2022-10-18T16:20:02 TST" name="Command line test" finished-at="2022-10-18T16:20:02 TST" duration-ms="39">
    </test> <!-- Command line test -->
  </suite> <!-- com.acme.basic.HelloWorldTest -->
</testng-results>
